<?xml version="1.0" encoding="UTF-8"?>
<!-- Generated by org.testng.reporters.JUnitReportReporter -->
<testsuite hostname="IN-PG02NMAG" failures="0" tests="4" name="Runner.TestRunner" time="0.065" errors="0" timestamp="15 Mar 2023 05:14:34 GMT" skipped="0">
  <testcase classname="Runner.TestRunner" name="feature" time="0.057"/>
  <testcase classname="Runner.TestRunner" name="feature" time="0.003"/>
  <testcase classname="Runner.TestRunner" name="feature" time="0.002"/>
  <testcase classname="Runner.TestRunner" name="feature" time="0.003"/>
</testsuite> <!-- Runner.TestRunner -->
