<?xml version="1.0" encoding="UTF-8"?>
<!-- Generated by org.testng.reporters.JUnitReportReporter -->
<testsuite hostname="IN-PG02NMAG" failures="0" tests="5" name="StepDefinitions.AccessibilityStep" time="18.940" errors="0" timestamp="27 Mar 2023 14:40:01 GMT" skipped="0">
  <testcase classname="StepDefinitions.AccessibilityStep" name="user_click_to_the_Accessibility" time="5.128"/>
  <testcase classname="StepDefinitions.AccessibilityStep" name="click_to_Accessibility_Node_Querying" time="4.267"/>
  <testcase classname="StepDefinitions.AccessibilityStep" name="click_to_the_check_box" time="3.162"/>
  <testcase classname="StepDefinitions.AccessibilityStep" name="click_to_the_check_bok" time="3.198"/>
  <testcase classname="StepDefinitions.AccessibilityStep" name="again_Click_to_the_check_box" time="3.185"/>
</testsuite> <!-- StepDefinitions.AccessibilityStep -->
